Info: Starting: Create block symbol file (.bsf)
Info: qsys-generate D:\Altera\projects\A5_st_mm_tpu_3\Clk_Cntrl_x4.qsys --block-symbol-file --output-directory=D:\Altera\projects\A5_st_mm_tpu_3\Clk_Cntrl_x4 --family="Arria V" --part=5AGXFB3H4F35C4
Progress: Loading A5_st_mm_tpu_3/Clk_Cntrl_x4.qsys
Progress: Reading input file
Progress: Adding altclkctrl_0 [altclkctrl 18.1]
Progress: Parameterizing module altclkctrl_0
Progress: Building connections
Progress: Parameterizing connections
Progress: Validating
Progress: Done reading input file
: Clk_Cntrl_x4.altclkctrl_0: Targeting device family: Arria V.
: Clk_Cntrl_x4.altclkctrl_0: Global clock network allows a clock signal to reach all parts of the chip with the same amount of skew. Input port 'clkselect' can be used to switch between four clock inputs.
: Clk_Cntrl_x4.altclkctrl_0: The register mode of port 'ena' is unavailable while 'ena' port not added. 
Info: qsys-generate succeeded.
Info: Finished: Create block symbol file (.bsf)
Info: 
Info: Starting: Create HDL design files for synthesis
Info: qsys-generate D:\Altera\projects\A5_st_mm_tpu_3\Clk_Cntrl_x4.qsys --synthesis=VERILOG --output-directory=D:\Altera\projects\A5_st_mm_tpu_3\Clk_Cntrl_x4\synthesis --family="Arria V" --part=5AGXFB3H4F35C4
Progress: Loading A5_st_mm_tpu_3/Clk_Cntrl_x4.qsys
Progress: Reading input file
Progress: Adding altclkctrl_0 [altclkctrl 18.1]
Progress: Parameterizing module altclkctrl_0
Progress: Building connections
Progress: Parameterizing connections
Progress: Validating
Progress: Done reading input file
: Clk_Cntrl_x4.altclkctrl_0: Targeting device family: Arria V.
: Clk_Cntrl_x4.altclkctrl_0: Global clock network allows a clock signal to reach all parts of the chip with the same amount of skew. Input port 'clkselect' can be used to switch between four clock inputs.
: Clk_Cntrl_x4.altclkctrl_0: The register mode of port 'ena' is unavailable while 'ena' port not added. 
Info: Clk_Cntrl_x4: Generating Clk_Cntrl_x4 "Clk_Cntrl_x4" for QUARTUS_SYNTH
Info: altclkctrl_0: Generating top-level entity Clk_Cntrl_x4_altclkctrl_0.
Info: altclkctrl_0: "Clk_Cntrl_x4" instantiated altclkctrl "altclkctrl_0"
Info: Clk_Cntrl_x4: Done "Clk_Cntrl_x4" with 2 modules, 2 files
Info: qsys-generate succeeded.
Info: Finished: Create HDL design files for synthesis
